
> nosana-eliza-agent@0.1.0 start:eliza
> elizaos start --character ./characters/scout.character.json --character ./characters/auditor.character.json --character ./characters/reviewer.character.json

Error checking for CLI updates: 264 |       throw error;
265 |     }
266 | 
267 |     // Wrap other errors with more context
268 |     if (error instanceof Error) {
269 |       throw new ProcessExecutionError(
                  ^
ProcessExecutionError: Command execution failed: ENOENT: no such file or directory, uv_spawn 'npm'
 exitCode: null,
   stderr: "",
  command: "npm",

      at bunExec (C:\Vigilance OS\node_modules\@elizaos\cli\src\utils\bun-exec.ts:269:13)
      at bunExecSimple (C:\Vigilance OS\node_modules\@elizaos\cli\src\utils\bun-exec.ts:324:24)
      at getLatestCliVersionForChannel (C:\Vigilance OS\node_modules\@elizaos\cli\src\utils\version-channel.ts:34:30)
      at getLatestCliVersion (C:\Vigilance OS\node_modules\@elizaos\cli\src\utils\display-banner.ts:130:33)
      at checkAndShowUpdateNotification (C:\Vigilance OS\node_modules\@elizaos\cli\src\utils\display-banner.ts:180:33)
      at main (C:\Vigilance OS\node_modules\@elizaos\cli\src\index.ts:136:11)


[38;5;27mΓáÇΓáÇΓáÇΓáÇΓáÇΓáÇΓáÇΓáÇΓóÇΓúÉΓú┐Γú┐Γó░ΓíÇΓáÇΓáÇΓáÇ[38;5;255m ΓáÇΓáÇΓáÇΓáÇΓáÇΓáÇΓáÇΓáÇΓáÇΓáÇΓáÇΓáÇΓáÇΓáÇΓáÇΓáÇΓáÇΓáÇΓáÇΓáÇΓáÇΓáÇΓáÇΓáÇΓáÇΓáÇΓáÇΓáÇΓáÇΓáÇΓáÇΓáÇΓáÇΓáÇΓáÇΓáÇ[38;5;255mΓáÇΓáÇΓáÇΓáÇΓáÇΓáÇΓáÇΓáÇΓáÇΓáÇΓáÇΓáÇΓáÇΓáÇΓáÇΓáÇΓáÇΓáÇΓáÇ[0m
[38;5;27mΓáÇΓáÇΓáÇΓáÇΓáÇΓóÇΓú┤ΓáñΓá╛Γá¢Γá¢Γú┐Γú╢ΓúçΓáÇΓáÇΓíå[38;5;255m ΓáÇΓáÇΓáÇΓáÇΓáÇΓáÇΓáÇΓáÇΓáÇΓáÇΓáÇΓáÇΓáÇΓáÇΓáÇΓáÇΓáÇΓáÇΓáÇΓáÇΓáÇΓáÇΓáÇΓáÇΓáÇΓáÇΓáÇΓáÇΓáÇΓáÇΓáÇΓáÇΓáÇΓáÇΓáÇΓáÇ[38;5;255mΓáÇΓáÇΓáÇΓáÇΓáÇΓáÇΓáÇΓáÇΓáÇΓáÇΓáÇΓáÇΓáÇΓáÇΓáÇΓáÇΓáÇΓáÇΓáÇ[0m
[38;5;27mΓó░ΓúïΓí│ΓíäΓáÇΓó¿Γú¡ΓíÇΓáÇΓíñΓáÇΓúÇΓú¥Γó┐Γú╢Γú┐Γíà[38;5;255m ΓáÇΓáÇΓáÇΓáÇΓáÇΓáÇΓáÇΓáÇΓáÇΓáÇΓáÇΓáÇΓáÇΓáÇΓáÇΓáÇΓáÇΓáÇΓáÇΓáÇΓáÇΓáÇΓáÇΓáÇΓáÇΓáÇΓáÇΓáÇΓáÇΓáÇΓáÇΓáÇΓáÇΓáÇΓáÇΓáÇ[38;5;255mΓáÇΓáÇΓáÇΓáÇΓáÇΓáÇΓáÇΓáÇΓáÇΓáÇΓáÇΓáÇΓáÇΓáÇΓáÇΓáÇΓáÇΓáÇΓáÇ[0m
[38;5;27mΓó╕Γú»ΓáÇΓúçΓáÇΓú╝Γú┐Γú┐ΓúåΓó╖Γú┤Γú┐Γú┐ΓíÅΓú¢ΓíëΓáÇ[38;5;255m Γó╕Γú┐Γú┐Γú┐Γú┐Γú┐Γú┐Γó╕Γú┐Γú┐ΓáÇΓáÇΓáÇΓáÇΓáÇΓú┐Γú┐ΓíçΓú┐Γú┐Γú┐Γú┐Γú┐Γú┐Γú┐ΓíçΓáÇΓáÇΓáÇΓú╛Γú┐Γú┐ΓúºΓáÇΓáÇΓáÇ[38;5;255mΓó╕ΓáƒΓóÇΓú┤Γú┐Γú┐Γú┐Γú┐ΓúªΓíÇΓúáΓú╛Γú┐Γú┐Γú┐Γú┐ΓúªΓíÖΓó┐[0m
[38;5;27mΓáÇΓáÖΓó╖Γú«Γó╕Γú┐Γú┐Γú┐Γú┐Γú╖Γú»ΓúƒΓúÅΓú╝Γú╖ΓúàΓá╛[38;5;255m Γó╕Γú┐ΓúçΓúÇΓúÇΓúÇΓáÇΓó╕Γú┐Γú┐ΓáÇΓáÇΓáÇΓáÇΓáÇΓú┐Γú┐ΓíçΓáÇΓáÇΓáÇΓúáΓú┐Γú┐ΓáƒΓáüΓáÇΓáÇΓú╝Γú┐ΓíƒΓú┐Γú┐ΓúåΓáÇΓáÇ[38;5;255mΓáÇΓáÇΓú┐Γú┐ΓáïΓáÇΓáêΓá╗Γú┐ΓíçΓú┐Γú┐ΓúàΓúÇΓúÇΓí¢Γá¢ΓáâΓáÇ[0m
[38;5;27mΓáÇΓáÇΓáÇΓáüΓó╕Γú┐Γú┐Γú┐Γú┐Γú┐Γú┐Γú┐Γú┐Γú┐Γú┐ΓáïΓáÇ[38;5;255m Γó╕Γú┐Γí┐Γá┐Γá┐Γá┐ΓáÇΓó╕Γú┐Γú┐ΓáÇΓáÇΓáÇΓáÇΓáÇΓú┐Γú┐ΓíçΓáÇΓúáΓú╛Γú┐ΓáƒΓáüΓáÇΓáÇΓáÇΓú░Γú┐Γú┐ΓúüΓú╕Γú┐Γú┐ΓíäΓáÇ[38;5;255mΓáÇΓáÇΓú┐Γú┐ ΓáÇΓáÇ Γú┐Γú┐ΓóêΓú¢Γá┐Γá┐Γá┐Γú┐Γú╖ΓíäΓáÇ[0m
[38;5;27mΓáÇΓáÇΓáÇΓáÇΓá╕Γú┐Γú┐Γú┐Γú┐Γú┐Γú┐Γú┐Γú┐ΓúëΓíƒΓáÇΓáÇ[38;5;255m Γó╕Γú┐ΓúºΓúñΓúñΓúñΓúñΓó╕Γú┐Γú┐ΓúªΓúñΓúñΓúñΓíäΓú┐Γú┐ΓíçΓú╛Γú┐Γú┐ΓúºΓúñΓúñΓúñΓíäΓó░Γú┐Γú┐ΓáƒΓá¢Γá¢Γá╗Γú┐Γú┐Γíä[38;5;255mΓóáΓíÇΓá╗Γú┐Γú┐ΓúªΓú┤Γú┐Γú┐ΓáçΓó┐Γú┐ΓúªΓúñΓúñΓú┐Γú┐ΓáçΓúá[0m
[38;5;27mΓáÇΓáÇΓáÇΓáÇΓó░ΓíêΓá¢Γá┐Γú┐Γú┐Γú┐Γú┐Γú┐ΓáïΓáÇ  [38;5;255m ΓáÿΓá¢Γá¢Γá¢Γá¢Γá¢Γá¢ΓáêΓá¢Γá¢Γá¢Γá¢Γá¢Γá¢ΓáâΓá¢Γá¢ΓáâΓá¢Γá¢Γá¢Γá¢Γá¢Γá¢Γá¢ΓáâΓá¢Γá¢ΓáâΓáÇΓáÇΓáÇΓáÇΓáÖΓá¢Γáâ[38;5;255mΓáÿΓá¢ΓáÇΓáêΓá¢Γá¢Γá¢Γá¢ΓáüΓáÇΓáÇΓáÖΓá¢Γá¢Γá¢Γá¢ΓáüΓáÜΓá¢[0m
[38;5;27mΓáÇΓáÇΓáÇΓáÇΓó╕Γú┐ΓíªΓáÇΓáÇΓáëΓá¢Γá┐ΓáâΓáÇΓáÇΓáÇ [38;5;255m ΓáÇΓáÇΓáÇΓáÇΓáÇΓáÇΓáÇΓáÇΓáÇΓáÇΓáÇΓáÇΓáÇΓáÇΓáÇΓáÇΓáÇΓáÇΓáÇΓáÇΓáÇΓáÇΓáÇΓáÇΓáÇΓáÇΓáÇΓáÇΓáÇΓáÇΓáÇΓáÇΓáÇΓáÇΓáÇΓáÇ[38;5;255mΓáÇΓáÇΓáÇΓáÇΓáÇΓáÇΓáÇΓáÇΓáÇΓáÇΓáÇΓáÇΓáÇΓáÇΓáÇΓáÇΓáÇΓáÇΓáÇ[0m

[38;5;51mVersion: 1.7.2[0m
[dotenv@17.3.1] injecting env (5) from .env -- tip: ≡ƒöÉ prevent committing .env to code: https://dotenvx.com/precommit
[?25l[90mΓöé[39m
 Error      [CLI] Build failed (command=start, error=Command execution failed: ENOENT: no such file or directory, uv_spawn 'bun')
 Warn       [CLI] Build failed, continuing with start (command=start)
 Error      [HTTP] Character validation failed (path=C:\Vigilance OS\characters\scout.character.json)
 Error      [CLI] Failed to load character (command=start, error=Character file 'C:\Vigilance OS\characters\scout.character.json' contains invalid character data. Failed to load character from C:\Vigilance OS\characters\scout.character.json: Character validation failed: [
  {
    "code": "unrecognized_keys",
    "keys": [
      "clients",
      "modelProvider",
      "lore"
    ],
    "path": [],
    "message": "Unrecognized keys: \"clients\", \"modelProvider\", \"lore\""
  }
], path=C:\Vigilance OS\characters\scout.character.json)
 Error      [CLI] Error occurred (util=error-handler, error=Invalid character file: C:\Vigilance OS\characters\scout.character.json, stack=Error: Invalid character file: C:\Vigilance OS\characters\scout.character.json
    at <anonymous> (C:\Vigilance OS\node_modules\@elizaos\cli\src\commands\start\index.ts:143:23))
[31mΓûá[39m  Canceled
[?25h
