
> nosana-eliza-agent@0.1.0 dev:ui
> npm run dev --prefix ui


> ui@0.1.0 dev
> next dev -p 3001

Γû▓ Next.js 16.2.1 (Turbopack)
- Local:         http://localhost:3001
- Network:       http://10.161.5.74:3001
Γ£ô Ready in 1240ms
ΓÜá Warning: Next.js inferred your workspace root, but it may not be correct.
 We detected multiple lockfiles and selected the directory of C:\Vigilance OS\package-lock.json as the root directory.
 To silence this warning, set `turbopack.root` in your Next.js config, or consider removing one of the lockfiles if it's not needed.
   See https://nextjs.org/docs/app/api-reference/config/next-config-js/turbopack#root-directory for more information.
 Detected additional lockfiles: 
   * C:\Vigilance OS\ui\package-lock.json

Γ¿» Another next dev server is already running.

- Local:        http://localhost:3000
- PID:          13756
- Dir:          C:\Vigilance OS\ui
- Log:          .next\dev\logs\next-development.log

Run taskkill /PID 13756 /F to stop it.
[?25h
